ProfileClockSample1/app/build/intermediates/manifest_merge_blame_file/debug/processDebugMainManifest/manifest-merger-blame-debug-report.txt
1<?xml version="1.0" encoding="utf-8"?>
2<manifest xmlns:android="http://schemas.android.com/apk/res/android"
3    package="com.symbol.profileclocksample1"
4    android:versionCode="12"
5    android:versionName="7.3.3" >
6
7    <uses-sdk
8        android:minSdkVersion="24"
9        android:targetSdkVersion="33" />
10
11    <uses-permission android:name="com.symbol.emdk.permission.EMDK" />
11-->src\main\AndroidManifest.xml:3:1-66
11-->src\main\AndroidManifest.xml:3:18-64
12
13    <application
13-->src\main\AndroidManifest.xml:5:1-24:15
14        android:allowBackup="true"
14-->src\main\AndroidManifest.xml:6:5-31
15        android:debuggable="true"
16        android:extractNativeLibs="false"
17        android:icon="@mipmap/ic_launcher"
17-->src\main\AndroidManifest.xml:7:5-39
18        android:label="@string/app_name"
18-->src\main\AndroidManifest.xml:8:5-37
19        android:theme="@style/AppTheme" >
19-->src\main\AndroidManifest.xml:9:5-36
20        <uses-library android:name="com.symbol.emdk" />
20-->src\main\AndroidManifest.xml:11:5-52
20-->src\main\AndroidManifest.xml:11:19-49
21
22        <activity
22-->src\main\AndroidManifest.xml:13:5-23:16
23            android:name="com.symbol.profileclocksample1.MainActivity"
23-->src\main\AndroidManifest.xml:15:9-67
24            android:exported="true"
24-->src\main\AndroidManifest.xml:14:9-32
25            android:label="@string/app_name"
25-->src\main\AndroidManifest.xml:17:9-41
26            android:screenOrientation="portrait" >
26-->src\main\AndroidManifest.xml:16:9-45
27            <intent-filter>
27-->src\main\AndroidManifest.xml:18:9-22:25
28                <action android:name="android.intent.action.MAIN" />
28-->src\main\AndroidManifest.xml:19:13-65
28-->src\main\AndroidManifest.xml:19:21-62
29
30                <category android:name="android.intent.category.LAUNCHER" />
30-->src\main\AndroidManifest.xml:21:13-73
30-->src\main\AndroidManifest.xml:21:23-70
31            </intent-filter>
32        </activity>
33    </application>
34
35</manifest>